[debug] [2022-05-16T14:01:10.307Z] ----------------------------------------------------------------------
[debug] [2022-05-16T14:01:10.311Z] Command:       D:\Programs\Node\node.exe C:\Users\SonShrek\AppData\Roaming\npm\node_modules\firebase-tools\lib\bin\firebase.js init
[debug] [2022-05-16T14:01:10.311Z] CLI Version:   9.20.0
[debug] [2022-05-16T14:01:10.312Z] Platform:      win32
[debug] [2022-05-16T14:01:10.312Z] Node Version:  v14.17.6
[debug] [2022-05-16T14:01:10.313Z] Time:          Mon May 16 2022 17:01:10 GMT+0300 (Москва, стандартное время)
[debug] [2022-05-16T14:01:10.313Z] ----------------------------------------------------------------------
[debug] 
[debug] [2022-05-16T14:01:10.316Z] >>> [apiv2][query] GET https://firebase-public.firebaseio.com/cli.json [none]
[debug] [2022-05-16T14:01:10.352Z] > command requires scopes: ["email","openid","https://www.googleapis.com/auth/cloudplatformprojects.readonly","https://www.googleapis.com/auth/firebase","https://www.googleapis.com/auth/cloud-platform"]
[debug] [2022-05-16T14:01:10.353Z] > authorizing via signed-in user (gerbest289@gmail.com)
[info] 
     ######## #### ########  ######## ########     ###     ######  ########
     ##        ##  ##     ## ##       ##     ##  ##   ##  ##       ##
     ######    ##  ########  ######   ########  #########  ######  ######
     ##        ##  ##    ##  ##       ##     ## ##     ##       ## ##
     ##       #### ##     ## ######## ########  ##     ##  ######  ########

You're about to initialize a Firebase project in this directory:

  E:\web\diplom\python-course-vue

[debug] [2022-05-16T14:01:11.022Z] <<< [apiv2][status] GET https://firebase-public.firebaseio.com/cli.json 200
[debug] [2022-05-16T14:01:11.022Z] <<< [apiv2][body] GET https://firebase-public.firebaseio.com/cli.json {"cloudBuildErrorAfter":1594252800000,"cloudBuildWarnAfter":1590019200000,"defaultNode10After":1594252800000,"minVersion":"3.0.5","node8DeploysDisabledAfter":1613390400000,"node8RuntimeDisabledAfter":1615809600000,"node8WarnAfter":1600128000000}
